<?xml version="1.0" encoding="UTF-8"?>
<!-- Generated by org.testng.reporters.JUnitReportReporter -->
<testsuite hostname="Lenovo" name="automationpage.testannotation" tests="1" failures="0" timestamp="13 Mar 2020 15:09:54 GMT" time="16.030" errors="0">
  <testcase name="parameters" time="16.030" classname="automationpage.testannotation"/>
</testsuite> <!-- automationpage.testannotation -->
